...found 10 targets...
...updating 8 targets...
common.mkdir bin.v2
common.mkdir bin.v2\libs
common.mkdir bin.v2\libs\context
common.mkdir bin.v2\libs\context\config
common.mkdir bin.v2\libs\context\config\msvc-11.0
common.mkdir bin.v2\libs\context\config\msvc-11.0\debug
common.mkdir bin.v2\libs\context\config\msvc-11.0\debug\threading-multi
compile-c-c++ bin.v2\libs\context\config\msvc-11.0\debug\threading-multi\32.obj
32.cpp
...updated 8 targets...
...found 3 targets...
...updating 1 target...
compile-c-c++ bin.v2\libs\context\config\msvc-11.0\debug\threading-multi\x86.obj
x86.cpp
...updated 1 target...
...found 14 targets...
...updating 8 targets...
common.mkdir bin.v2\libs\regex
common.mkdir bin.v2\libs\regex\build
common.mkdir bin.v2\libs\regex\build\msvc-11.0
common.mkdir bin.v2\libs\regex\build\msvc-11.0\debug
common.mkdir bin.v2\libs\regex\build\msvc-11.0\debug\threading-multi
compile-c-c++ bin.v2\libs\regex\build\msvc-11.0\debug\threading-multi\has_icu_test.obj
has_icu_test.cpp
libs\regex\build\has_icu_test.cpp(12) : fatal error C1083: Cannot open include file: 'unicode/uversion.h': No such file or directory

    call "C:\Program Files (x86)\Microsoft Visual Studio 11.0\VC\vcvarsall.bat" x86 >nul
cl /Zm800 -nologo @"bin.v2\libs\regex\build\msvc-11.0\debug\threading-multi\has_icu_test.obj.rsp" 

...failed compile-c-c++ bin.v2\libs\regex\build\msvc-11.0\debug\threading-multi\has_icu_test.obj...
...skipped <pbin.v2\libs\regex\build\msvc-11.0\debug\threading-multi>has_icu.exe for lack of <pbin.v2\libs\regex\build\msvc-11.0\debug\threading-multi>has_icu_test.obj...
...failed updating 1 target...
...skipped 1 target...
...updated 5 targets...
...skipped <pbin.v2\libs\regex\build\msvc-11.0\debug\threading-multi>has_icu.pdb for lack of <pbin.v2\libs\regex\build\msvc-11.0\debug\threading-multi>has_icu_test.obj...
...skipped 1 target...
...found 11 targets...
...updating 8 targets...
common.mkdir bin.v2\libs\locale
common.mkdir bin.v2\libs\locale\build
common.mkdir bin.v2\libs\locale\build\msvc-11.0
common.mkdir bin.v2\libs\locale\build\msvc-11.0\debug
common.mkdir bin.v2\libs\locale\build\msvc-11.0\debug\threading-multi
compile-c-c++ bin.v2\libs\locale\build\msvc-11.0\debug\threading-multi\has_iconv_libc_obj.obj
has_iconv.cpp
libs\locale\src\..\build\has_iconv.cpp(8) : fatal error C1083: Cannot open include file: 'iconv.h': No such file or directory

    call "C:\Program Files (x86)\Microsoft Visual Studio 11.0\VC\vcvarsall.bat" x86 >nul
cl /Zm800 -nologo @"bin.v2\libs\locale\build\msvc-11.0\debug\threading-multi\has_iconv_libc_obj.obj.rsp" 

...failed compile-c-c++ bin.v2\libs\locale\build\msvc-11.0\debug\threading-multi\has_iconv_libc_obj.obj...
...skipped <pbin.v2\libs\locale\build\msvc-11.0\debug\threading-multi>has_iconv.exe for lack of <pbin.v2\libs\locale\build\msvc-11.0\debug\threading-multi>has_iconv_libc_obj.obj...
...failed updating 1 target...
...skipped 1 target...
...updated 5 targets...
...skipped <pbin.v2\libs\locale\build\msvc-11.0\debug\threading-multi>has_iconv.pdb for lack of <pbin.v2\libs\locale\build\msvc-11.0\debug\threading-multi>has_iconv_libc_obj.obj...
...skipped 1 target...
...found 3 targets...
...updating 3 targets...
compile-c-c++ bin.v2\libs\locale\build\msvc-11.0\debug\threading-multi\has_iconv_libc_ext.obj
has_iconv.cpp
libs\locale\src\..\build\has_iconv.cpp(8) : fatal error C1083: Cannot open include file: 'iconv.h': No such file or directory

    call "C:\Program Files (x86)\Microsoft Visual Studio 11.0\VC\vcvarsall.bat" x86 >nul
cl /Zm800 -nologo @"bin.v2\libs\locale\build\msvc-11.0\debug\threading-multi\has_iconv_libc_ext.obj.rsp" 

...failed compile-c-c++ bin.v2\libs\locale\build\msvc-11.0\debug\threading-multi\has_iconv_libc_ext.obj...
...skipped <pbin.v2\libs\locale\build\msvc-11.0\debug\threading-multi>has_external_iconv.exe for lack of <pbin.v2\libs\locale\build\msvc-11.0\debug\threading-multi>has_iconv_libc_ext.obj...
...failed updating 1 target...
...skipped 1 target...
...skipped <pbin.v2\libs\locale\build\msvc-11.0\debug\threading-multi>has_external_iconv.pdb for lack of <pbin.v2\libs\locale\build\msvc-11.0\debug\threading-multi>has_iconv_libc_ext.obj...
...skipped 1 target...
...found 6 targets...
...updating 3 targets...
compile-c-c++ bin.v2\libs\locale\build\msvc-11.0\debug\threading-multi\has_icu_obj.obj
has_icu_test.cpp
libs\locale\src\..\build\has_icu_test.cpp(12) : fatal error C1083: Cannot open include file: 'unicode/uversion.h': No such file or directory

    call "C:\Program Files (x86)\Microsoft Visual Studio 11.0\VC\vcvarsall.bat" x86 >nul
cl /Zm800 -nologo @"bin.v2\libs\locale\build\msvc-11.0\debug\threading-multi\has_icu_obj.obj.rsp" 

...failed compile-c-c++ bin.v2\libs\locale\build\msvc-11.0\debug\threading-multi\has_icu_obj.obj...
...skipped <pbin.v2\libs\locale\build\msvc-11.0\debug\threading-multi>has_icu.exe for lack of <pbin.v2\libs\locale\build\msvc-11.0\debug\threading-multi>has_icu_obj.obj...
...failed updating 1 target...
...skipped 1 target...
...skipped <pbin.v2\libs\locale\build\msvc-11.0\debug\threading-multi>has_icu.pdb for lack of <pbin.v2\libs\locale\build\msvc-11.0\debug\threading-multi>has_icu_obj.obj...
...skipped 1 target...
...found 3 targets...
...updating 3 targets...
compile-c-c++ bin.v2\libs\locale\build\msvc-11.0\debug\threading-multi\has_icu64_obj.obj
has_icu_test.cpp
libs\locale\src\..\build\has_icu_test.cpp(12) : fatal error C1083: Cannot open include file: 'unicode/uversion.h': No such file or directory

    call "C:\Program Files (x86)\Microsoft Visual Studio 11.0\VC\vcvarsall.bat" x86 >nul
cl /Zm800 -nologo @"bin.v2\libs\locale\build\msvc-11.0\debug\threading-multi\has_icu64_obj.obj.rsp" 

...failed compile-c-c++ bin.v2\libs\locale\build\msvc-11.0\debug\threading-multi\has_icu64_obj.obj...
...skipped <pbin.v2\libs\locale\build\msvc-11.0\debug\threading-multi>has_icu64.exe for lack of <pbin.v2\libs\locale\build\msvc-11.0\debug\threading-multi>has_icu64_obj.obj...
...failed updating 1 target...
...skipped 1 target...
...skipped <pbin.v2\libs\locale\build\msvc-11.0\debug\threading-multi>has_icu64.pdb for lack of <pbin.v2\libs\locale\build\msvc-11.0\debug\threading-multi>has_icu64_obj.obj...
...skipped 1 target...
...found 8 targets...
...updating 6 targets...
common.mkdir bin.v2\libs\math
common.mkdir bin.v2\libs\math\config
common.mkdir bin.v2\libs\math\config\msvc-11.0
common.mkdir bin.v2\libs\math\config\msvc-11.0\debug
common.mkdir bin.v2\libs\math\config\msvc-11.0\debug\threading-multi
compile-c-c++ bin.v2\libs\math\config\msvc-11.0\debug\threading-multi\has_gcc_visibility.obj
has_gcc_visibility.cpp
libs\math\config\has_gcc_visibility.cpp(7) : fatal error C1189: #error :  "This is a GCC specific test case".

    call "C:\Program Files (x86)\Microsoft Visual Studio 11.0\VC\vcvarsall.bat" x86 >nul
cl /Zm800 -nologo @"bin.v2\libs\math\config\msvc-11.0\debug\threading-multi\has_gcc_visibility.obj.rsp" 

...failed compile-c-c++ bin.v2\libs\math\config\msvc-11.0\debug\threading-multi\has_gcc_visibility.obj...
...failed updating 1 target...
...updated 5 targets...
...found 47 targets...
...updating 1 target...
compile-c-c++ bin.v2\libs\math\config\msvc-11.0\debug\threading-multi\has_long_double_support.obj
has_long_double_support.cpp
...updated 1 target...
